param_grid for RandomForestClassifier GridSearch:{'bootstrap': [True, False], 'criterion': ['entropy', 'gini'], 'max_features': ['auto', 'sqrt', 'log2'], 'max_depth': [10, 50, 75, None], 'n_estimators': [100, 500, 1000], 'n_jobs': [-1]}

Grid Search found the following optimal parameters: 
{   'bootstrap': True,
    'criterion': 'gini',
    'max_depth': 50,
    'max_features': 'sqrt',
    'n_estimators': 1000,
    'n_jobs': -1}

Fitting classifier...
	ALL DONE!

Predicting labels on training data...
	ALL DONE!

Training Accuracy: 99.5836

                         precision    recall  f1-score   support

             functional       1.00      1.00      1.00     30623
functional needs repair       0.98      0.97      0.98      4093
         non functional       1.00      1.00      1.00     21714

               accuracy                           1.00     56430
              macro avg       0.99      0.99      0.99     56430
           weighted avg       1.00      1.00      1.00     56430


Predicting labels on testing data...
	ALL DONE!

Testing Accuracy: 81.3131

                         precision    recall  f1-score   support

             functional       0.82      0.89      0.85      1636
functional needs repair       0.57      0.32      0.41       224
         non functional       0.83      0.80      0.81      1110

               accuracy                           0.81      2970
              macro avg       0.74      0.67      0.69      2970
           weighted avg       0.80      0.81      0.81      2970


Feature Importances:
[   ('longitude', 0.12923473717185613),
    ('latitude', 0.1269671702783988),
    ('quantity', 0.11617335906631704),
    ('scheme_name', 0.11359783127042074),
    ('installer', 0.08161632924413491),
    ('gps_height', 0.0608120010647663),
    ('waterpoint_type', 0.05468398668673829),
    ('extraction_type', 0.05285526206870513),
    ('population', 0.04290768901566245),
    ('pump_age', 0.04037946217429162),
    ('payment_type', 0.028995791165363268),
    ('source', 0.023243493571118226),
    ('region_code', 0.019746983231870376),
    ('district_code', 0.01946101912550435),
    ('amount_tsh', 0.018550718775078075),
    ('basin', 0.015775257949584932),
    ('management', 0.01381711278629377),
    ('scheme_management', 0.013673991544523971),
    ('water_quality', 0.013324944556082699),
    ('permit', 0.007129229147020707),
    ('public_meeting', 0.007053630106268258)]

Grid Search (previously) found the following optimal parameters: 
{   'bootstrap': True,
    'criterion': 'gini',
    'max_depth': 50,
    'max_features': 'sqrt',
    'n_estimators': 1000,
    'n_jobs': -1,
    'random_state': 42,
    'verbose': 1}

Fitting classifier...
	ALL DONE!

Predicting labels on training data...
	ALL DONE!

Training Accuracy: 99.5836

                         precision    recall  f1-score   support

             functional       1.00      1.00      1.00     30623
functional needs repair       0.98      0.97      0.98      4093
         non functional       1.00      1.00      1.00     21714

               accuracy                           1.00     56430
              macro avg       0.99      0.99      0.99     56430
           weighted avg       1.00      1.00      1.00     56430


Predicting labels on testing data...
	ALL DONE!

Testing Accuracy: 80.8418

                         precision    recall  f1-score   support

             functional       0.82      0.89      0.85      1636
functional needs repair       0.55      0.31      0.40       224
         non functional       0.83      0.79      0.81      1110

               accuracy                           0.81      2970
              macro avg       0.73      0.66      0.69      2970
           weighted avg       0.80      0.81      0.80      2970


Feature Importances:
[   ('longitude', 0.12913689808106418),
    ('latitude', 0.12711681581777134),
    ('quantity', 0.11613273328175679),
    ('scheme_name', 0.1136976739626544),
    ('installer', 0.08203973972474572),
    ('gps_height', 0.060675559784003665),
    ('extraction_type', 0.05570233010812623),
    ('waterpoint_type', 0.051756513673286285),
    ('population', 0.04291158029644422),
    ('pump_age', 0.04058935395906525),
    ('payment_type', 0.029078005463195226),
    ('source', 0.02340003019156296),
    ('district_code', 0.019520386849210758),
    ('region_code', 0.01938349521190918),
    ('amount_tsh', 0.018056712497511403),
    ('basin', 0.015779147563558003),
    ('management', 0.013904548881860143),
    ('scheme_management', 0.013775283486527398),
    ('water_quality', 0.013195721079322098),
    ('public_meeting', 0.007088872358894455),
    ('permit', 0.00705859772753018)]
