param_grid for RandomForestClassifier GridSearch:{'bootstrap': [True, False], 'criterion': ['entropy', 'gini'], 'max_features': ['auto', 'sqrt', 'log2'], 'max_depth': [10, 50, 75, None], 'n_estimators': [100, 500, 1000], 'n_jobs': [-1]}

Grid Search found the following optimal parameters: 
{   'bootstrap': True,
    'criterion': 'gini',
    'max_depth': 75,
    'max_features': 'sqrt',
    'n_estimators': 1000,
    'n_jobs': -1}

Fitting classifier...
	ALL DONE!

Predicting labels on training data...
	ALL DONE!

Training Accuracy: 99.566

                         precision    recall  f1-score   support

             functional       1.00      1.00      1.00     28991
functional needs repair       0.98      0.97      0.98      3885
         non functional       1.00      1.00      1.00     20584

               accuracy                           1.00     53460
              macro avg       0.99      0.99      0.99     53460
           weighted avg       1.00      1.00      1.00     53460


Predicting labels on testing data...
	ALL DONE!

Testing Accuracy: 81.6498

                         precision    recall  f1-score   support

             functional       0.83      0.88      0.86      3268
functional needs repair       0.56      0.36      0.44       432
         non functional       0.83      0.80      0.82      2240

               accuracy                           0.82      5940
              macro avg       0.74      0.68      0.70      5940
           weighted avg       0.81      0.82      0.81      5940


Feature Importances:
[   ('longitude', 0.12940984809444203),
    ('latitude', 0.12677130236977874),
    ('quantity_target_encoded', 0.11562598818962624),
    ('scheme_name_target_encoded', 0.11485488445163959),
    ('installer_target_encoded', 0.08107013970528933),
    ('gps_height', 0.06052048832677161),
    ('waterpoint_type_target_encoded', 0.05377843425032338),
    ('extraction_type_target_encoded', 0.0529798333791195),
    ('population', 0.042819217930748235),
    ('pump_age', 0.04026566600602208),
    ('payment_type_target_encoded', 0.02965575553811681),
    ('source_target_encoded', 0.023339873813871898),
    ('region_code_target_encoded', 0.019883628381739155),
    ('district_code_target_encoded', 0.019617661721014423),
    ('amount_tsh', 0.018663258485387278),
    ('basin_target_encoded', 0.015750706927794383),
    ('scheme_management_target_encoded', 0.01383604310943097),
    ('management_target_encoded', 0.013724484742686227),
    ('water_quality_target_encoded', 0.013237741369178503),
    ('public_meeting', 0.007107113385831802),
    ('permit', 0.007087929821187752)]

Grid Search (previously) found the following optimal parameters: 
{   'bootstrap': True,
    'criterion': 'gini',
    'max_depth': 75,
    'max_features': 'sqrt',
    'n_estimators': 1000,
    'n_jobs': -1,
    'random_state': 42,
    'verbose': 1}

Fitting classifier...
	ALL DONE!

Predicting labels on training data...
	ALL DONE!

Training Accuracy: 99.566

                         precision    recall  f1-score   support

             functional       1.00      1.00      1.00     28991
functional needs repair       0.98      0.97      0.98      3885
         non functional       1.00      1.00      1.00     20584

               accuracy                           1.00     53460
              macro avg       0.99      0.99      0.99     53460
           weighted avg       1.00      1.00      1.00     53460


Predicting labels on testing data...
	ALL DONE!

Testing Accuracy: 81.7172

                         precision    recall  f1-score   support

             functional       0.83      0.89      0.86      3268
functional needs repair       0.57      0.37      0.45       432
         non functional       0.83      0.80      0.82      2240

               accuracy                           0.82      5940
              macro avg       0.74      0.69      0.71      5940
           weighted avg       0.81      0.82      0.81      5940


Feature Importances:
[   ('longitude', 0.12923446622617943),
    ('latitude', 0.12662780520442782),
    ('scheme_name_target_encoded', 0.11549583840152702),
    ('quantity_target_encoded', 0.11547931539346086),
    ('installer_target_encoded', 0.08161164792616672),
    ('gps_height', 0.06049880441221739),
    ('waterpoint_type_target_encoded', 0.05427007691401196),
    ('extraction_type_target_encoded', 0.053422494832558676),
    ('population', 0.04289508867755876),
    ('pump_age', 0.04007634266092691),
    ('payment_type_target_encoded', 0.028435148436189602),
    ('source_target_encoded', 0.023227886416741145),
    ('district_code_target_encoded', 0.019671004158471277),
    ('region_code_target_encoded', 0.01960993409809892),
    ('amount_tsh', 0.018398468166352145),
    ('basin_target_encoded', 0.01572914365236767),
    ('scheme_management_target_encoded', 0.013893698441941025),
    ('management_target_encoded', 0.01382602762879793),
    ('water_quality_target_encoded', 0.013512805931055662),
    ('permit', 0.007063445681706518),
    ('public_meeting', 0.007020556739242604)]
