
Grid Search (previously) found the following optimal parameters: 
{   'gamma': 0,
    'learning_rate': 0.1,
    'max_depth': 5,
    'min_child_weight': 1,
    'n_estimators': 1000,
    'n_jobs': -1,
    'random_state': 42,
    'subsample': 1.0,
    'verbosity': 1}

Fitting classifier...
	ALL DONE!

Predicting labels on training data...
	ALL DONE!

Training Accuracy: 87.5514

                         precision    recall  f1-score   support

             functional       0.85      0.95      0.90     28991
functional needs repair       0.84      0.48      0.61      3885
         non functional       0.92      0.84      0.88     20584

               accuracy                           0.88     53460
              macro avg       0.87      0.76      0.80     53460
           weighted avg       0.88      0.88      0.87     53460


Predicting labels on testing data...
	ALL DONE!

Testing Accuracy: 81.1785

                         precision    recall  f1-score   support

             functional       0.80      0.91      0.85      3268
functional needs repair       0.63      0.28      0.39       432
         non functional       0.85      0.77      0.81      2240

               accuracy                           0.81      5940
              macro avg       0.76      0.66      0.68      5940
           weighted avg       0.81      0.81      0.80      5940


Feature Importances:
[   ('quantity_target_encoded', 0.2674984),
    ('scheme_name_target_encoded', 0.14170976),
    ('waterpoint_type_target_encoded', 0.100096084),
    ('extraction_type_target_encoded', 0.06665172),
    ('installer_target_encoded', 0.055163268),
    ('basin_target_encoded', 0.04226386),
    ('region_code_target_encoded', 0.040250488),
    ('source_target_encoded', 0.039909624),
    ('payment_type_target_encoded', 0.036842015),
    ('district_code_target_encoded', 0.023218721),
    ('scheme_management_target_encoded', 0.023165522),
    ('management_target_encoded', 0.022138672),
    ('public_meeting', 0.021562696),
    ('pump_age', 0.018857643),
    ('longitude', 0.017639266),
    ('permit', 0.015774606),
    ('latitude', 0.015374475),
    ('amount_tsh', 0.01412024),
    ('population', 0.013755507),
    ('water_quality_target_encoded', 0.012783024),
    ('gps_height', 0.011224316)]
param_grid for XGBClassifier GridSearch:{'n_estimators': [100, 1000], 'max_depth': [6, 10, 22], 'learning_rate': [0.1, 0.3], 'min_child_weight': [1, 3, 5], 'gamma': [0, 1, 2, 5], 'n_jobs': [-1]}

Grid Search found the following optimal parameters: 
{   'gamma': 2,
    'learning_rate': 0.1,
    'max_depth': 22,
    'min_child_weight': 1,
    'n_estimators': 100,
    'n_jobs': -1}

Fitting classifier...
	ALL DONE!

Predicting labels on training data...
	ALL DONE!

Training Accuracy: 90.3255

                         precision    recall  f1-score   support

             functional       0.88      0.97      0.92     28991
functional needs repair       0.87      0.54      0.66      3885
         non functional       0.94      0.88      0.91     20584

               accuracy                           0.90     53460
              macro avg       0.90      0.80      0.83     53460
           weighted avg       0.90      0.90      0.90     53460


Predicting labels on testing data...
	ALL DONE!

Testing Accuracy: 81.4141

                         precision    recall  f1-score   support

             functional       0.81      0.90      0.85      3268
functional needs repair       0.66      0.31      0.42       432
         non functional       0.84      0.78      0.81      2240

               accuracy                           0.81      5940
              macro avg       0.77      0.67      0.70      5940
           weighted avg       0.81      0.81      0.81      5940


Feature Importances:
[   ('quantity_target_encoded', 0.2779836),
    ('scheme_name_target_encoded', 0.14239645),
    ('waterpoint_type_target_encoded', 0.13903338),
    ('extraction_type_target_encoded', 0.05729758),
    ('installer_target_encoded', 0.049795274),
    ('source_target_encoded', 0.037812322),
    ('basin_target_encoded', 0.030148054),
    ('region_code_target_encoded', 0.027671123),
    ('payment_type_target_encoded', 0.025836403),
    ('scheme_management_target_encoded', 0.020882895),
    ('district_code_target_encoded', 0.019992894),
    ('amount_tsh', 0.019020664),
    ('permit', 0.018864213),
    ('management_target_encoded', 0.018784013),
    ('pump_age', 0.01836901),
    ('longitude', 0.018020634),
    ('public_meeting', 0.017073395),
    ('latitude', 0.016352214),
    ('water_quality_target_encoded', 0.01501579),
    ('gps_height', 0.014890606),
    ('population', 0.014759532)]

Grid Search (previously) found the following optimal parameters: 
{   'gamma': 2,
    'learning_rate': 0.1,
    'max_depth': 22,
    'min_child_weight': 1,
    'n_estimators': 100,
    'n_jobs': -1,
    'random_state': 42,
    'verbosity': 1}

Fitting classifier...
	ALL DONE!

Predicting labels on training data...
	ALL DONE!

Training Accuracy: 90.3255

                         precision    recall  f1-score   support

             functional       0.88      0.97      0.92     28991
functional needs repair       0.87      0.54      0.66      3885
         non functional       0.94      0.88      0.91     20584

               accuracy                           0.90     53460
              macro avg       0.90      0.80      0.83     53460
           weighted avg       0.90      0.90      0.90     53460


Predicting labels on testing data...
	ALL DONE!

Testing Accuracy: 81.4141

                         precision    recall  f1-score   support

             functional       0.81      0.90      0.85      3268
functional needs repair       0.66      0.31      0.42       432
         non functional       0.84      0.78      0.81      2240

               accuracy                           0.81      5940
              macro avg       0.77      0.67      0.70      5940
           weighted avg       0.81      0.81      0.81      5940


Feature Importances:
[   ('quantity_target_encoded', 0.2779836),
    ('scheme_name_target_encoded', 0.14239645),
    ('waterpoint_type_target_encoded', 0.13903338),
    ('extraction_type_target_encoded', 0.05729758),
    ('installer_target_encoded', 0.049795274),
    ('source_target_encoded', 0.037812322),
    ('basin_target_encoded', 0.030148054),
    ('region_code_target_encoded', 0.027671123),
    ('payment_type_target_encoded', 0.025836403),
    ('scheme_management_target_encoded', 0.020882895),
    ('district_code_target_encoded', 0.019992894),
    ('amount_tsh', 0.019020664),
    ('permit', 0.018864213),
    ('management_target_encoded', 0.018784013),
    ('pump_age', 0.01836901),
    ('longitude', 0.018020634),
    ('public_meeting', 0.017073395),
    ('latitude', 0.016352214),
    ('water_quality_target_encoded', 0.01501579),
    ('gps_height', 0.014890606),
    ('population', 0.014759532)]
