
Grid Search (previously) found the following optimal parameters: 
{   'gamma': 5,
    'learning_rate': 0.1,
    'max_depth': 3,
    'min_child_weight': 1,
    'n_estimators': 100,
    'n_jobs': -1,
    'random_state': 42,
    'subsample': 1.0,
    'verbosity': 1}

Fitting classifier...
	ALL DONE!

Predicting labels on training data...
	ALL DONE!

Training Accuracy: 82.2297

                         precision    recall  f1-score   support

             functional       0.78      0.95      0.86     28991
functional needs repair       0.92      0.29      0.44      3885
         non functional       0.89      0.74      0.81     20584

               accuracy                           0.82     53460
              macro avg       0.86      0.66      0.70     53460
           weighted avg       0.84      0.82      0.81     53460


Predicting labels on testing data...
	ALL DONE!

Testing Accuracy: 82.9293

                         precision    recall  f1-score   support

             functional       0.80      0.95      0.87      3268
functional needs repair       0.95      0.28      0.44       432
         non functional       0.89      0.76      0.82      2240

               accuracy                           0.83      5940
              macro avg       0.88      0.66      0.71      5940
           weighted avg       0.84      0.83      0.82      5940


Feature Importances:
[   ('quantity', 0.20258383),
    ('waterpoint_type', 0.20075141),
    ('scheme_name', 0.124105364),
    ('funder', 0.08868023),
    ('extraction_type', 0.07048088),
    ('payment_type', 0.04651533),
    ('installer', 0.045880813),
    ('longitude', 0.031007323),
    ('source', 0.030276958),
    ('amount_tsh', 0.023966435),
    ('pump_age', 0.021740302),
    ('region_code', 0.019587832),
    ('basin', 0.016780742),
    ('management', 0.013430909),
    ('district_code', 0.010639493),
    ('population', 0.0104600135),
    ('latitude', 0.01043017),
    ('permit', 0.0077403514),
    ('water_quality', 0.0075842673),
    ('scheme_management', 0.0069437725),
    ('public_meeting', 0.006027292),
    ('gps_height', 0.004386266)]

Grid Search (previously) found the following optimal parameters: 
{   'gamma': 5,
    'learning_rate': 0.1,
    'max_depth': 3,
    'min_child_weight': 1,
    'n_estimators': 100,
    'n_jobs': -1,
    'random_state': 42,
    'subsample': 1.0,
    'verbosity': 1}

Fitting classifier...
	ALL DONE!

Predicting labels on training data...
	ALL DONE!

Training Accuracy: 82.2297

                         precision    recall  f1-score   support

             functional       0.78      0.95      0.86     28991
functional needs repair       0.92      0.29      0.44      3885
         non functional       0.89      0.74      0.81     20584

               accuracy                           0.82     53460
              macro avg       0.86      0.66      0.70     53460
           weighted avg       0.84      0.82      0.81     53460


Predicting labels on testing data...
	ALL DONE!

Testing Accuracy: 82.9293

                         precision    recall  f1-score   support

             functional       0.80      0.95      0.87      3268
functional needs repair       0.95      0.28      0.44       432
         non functional       0.89      0.76      0.82      2240

               accuracy                           0.83      5940
              macro avg       0.88      0.66      0.71      5940
           weighted avg       0.84      0.83      0.82      5940


Feature Importances:
[   ('quantity', 0.20258383),
    ('waterpoint_type', 0.20075141),
    ('scheme_name', 0.124105364),
    ('funder', 0.08868023),
    ('extraction_type', 0.07048088),
    ('payment_type', 0.04651533),
    ('installer', 0.045880813),
    ('longitude', 0.031007323),
    ('source', 0.030276958),
    ('amount_tsh', 0.023966435),
    ('pump_age', 0.021740302),
    ('region_code', 0.019587832),
    ('basin', 0.016780742),
    ('management', 0.013430909),
    ('district_code', 0.010639493),
    ('population', 0.0104600135),
    ('latitude', 0.01043017),
    ('permit', 0.0077403514),
    ('water_quality', 0.0075842673),
    ('scheme_management', 0.0069437725),
    ('public_meeting', 0.006027292),
    ('gps_height', 0.004386266)]

Grid Search (previously) found the following optimal parameters: 
{   'gamma': 5,
    'learning_rate': 0.1,
    'max_depth': 3,
    'min_child_weight': 1,
    'n_estimators': 100,
    'n_jobs': -1,
    'random_state': 42,
    'subsample': 1.0,
    'verbosity': 1}

Fitting classifier...
	ALL DONE!

Predicting labels on training data...
	ALL DONE!

Training Accuracy: 82.2297

                         precision    recall  f1-score   support

             functional       0.78      0.95      0.86     28991
functional needs repair       0.92      0.29      0.44      3885
         non functional       0.89      0.74      0.81     20584

               accuracy                           0.82     53460
              macro avg       0.86      0.66      0.70     53460
           weighted avg       0.84      0.82      0.81     53460


Predicting labels on testing data...
	ALL DONE!

Testing Accuracy: 82.9293

                         precision    recall  f1-score   support

             functional       0.80      0.95      0.87      3268
functional needs repair       0.95      0.28      0.44       432
         non functional       0.89      0.76      0.82      2240

               accuracy                           0.83      5940
              macro avg       0.88      0.66      0.71      5940
           weighted avg       0.84      0.83      0.82      5940


Feature Importances:
[   ('quantity', 0.20258383),
    ('waterpoint_type', 0.20075141),
    ('scheme_name', 0.124105364),
    ('funder', 0.08868023),
    ('extraction_type', 0.07048088),
    ('payment_type', 0.04651533),
    ('installer', 0.045880813),
    ('longitude', 0.031007323),
    ('source', 0.030276958),
    ('amount_tsh', 0.023966435),
    ('pump_age', 0.021740302),
    ('region_code', 0.019587832),
    ('basin', 0.016780742),
    ('management', 0.013430909),
    ('district_code', 0.010639493),
    ('population', 0.0104600135),
    ('latitude', 0.01043017),
    ('permit', 0.0077403514),
    ('water_quality', 0.0075842673),
    ('scheme_management', 0.0069437725),
    ('public_meeting', 0.006027292),
    ('gps_height', 0.004386266)]

Grid Search (previously) found the following optimal parameters: 
{   'gamma': 5,
    'learning_rate': 0.1,
    'max_depth': 3,
    'min_child_weight': 1,
    'n_estimators': 100,
    'n_jobs': -1,
    'random_state': 42,
    'subsample': 1.0,
    'verbosity': 1}

Fitting classifier...
	ALL DONE!

Predicting labels on training data...
	ALL DONE!

Training Accuracy: 82.2297

                         precision    recall  f1-score   support

             functional       0.78      0.95      0.86     28991
functional needs repair       0.92      0.29      0.44      3885
         non functional       0.89      0.74      0.81     20584

               accuracy                           0.82     53460
              macro avg       0.86      0.66      0.70     53460
           weighted avg       0.84      0.82      0.81     53460


Predicting labels on testing data...
	ALL DONE!

Testing Accuracy: 82.9293

                         precision    recall  f1-score   support

             functional       0.80      0.95      0.87      3268
functional needs repair       0.95      0.28      0.44       432
         non functional       0.89      0.76      0.82      2240

               accuracy                           0.83      5940
              macro avg       0.88      0.66      0.71      5940
           weighted avg       0.84      0.83      0.82      5940


Feature Importances:
[   ('quantity', 0.20258383),
    ('waterpoint_type', 0.20075141),
    ('scheme_name', 0.124105364),
    ('funder', 0.08868023),
    ('extraction_type', 0.07048088),
    ('payment_type', 0.04651533),
    ('installer', 0.045880813),
    ('longitude', 0.031007323),
    ('source', 0.030276958),
    ('amount_tsh', 0.023966435),
    ('pump_age', 0.021740302),
    ('region_code', 0.019587832),
    ('basin', 0.016780742),
    ('management', 0.013430909),
    ('district_code', 0.010639493),
    ('population', 0.0104600135),
    ('latitude', 0.01043017),
    ('permit', 0.0077403514),
    ('water_quality', 0.0075842673),
    ('scheme_management', 0.0069437725),
    ('public_meeting', 0.006027292),
    ('gps_height', 0.004386266)]

Grid Search (previously) found the following optimal parameters: 
{   'gamma': 5,
    'learning_rate': 0.1,
    'max_depth': 3,
    'min_child_weight': 1,
    'n_estimators': 100,
    'n_jobs': -1,
    'random_state': 42,
    'subsample': 1.0,
    'verbosity': 1}

Fitting classifier...
	ALL DONE!

Predicting labels on training data...
	ALL DONE!

Training Accuracy: 82.2297

                         precision    recall  f1-score   support

             functional       0.78      0.95      0.86     28991
functional needs repair       0.92      0.29      0.44      3885
         non functional       0.89      0.74      0.81     20584

               accuracy                           0.82     53460
              macro avg       0.86      0.66      0.70     53460
           weighted avg       0.84      0.82      0.81     53460


Predicting labels on testing data...
	ALL DONE!

Testing Accuracy: 82.9293

                         precision    recall  f1-score   support

             functional       0.80      0.95      0.87      3268
functional needs repair       0.95      0.28      0.44       432
         non functional       0.89      0.76      0.82      2240

               accuracy                           0.83      5940
              macro avg       0.88      0.66      0.71      5940
           weighted avg       0.84      0.83      0.82      5940


Feature Importances:
[   ('quantity', 0.20258383),
    ('waterpoint_type', 0.20075141),
    ('scheme_name', 0.124105364),
    ('funder', 0.08868023),
    ('extraction_type', 0.07048088),
    ('payment_type', 0.04651533),
    ('installer', 0.045880813),
    ('longitude', 0.031007323),
    ('source', 0.030276958),
    ('amount_tsh', 0.023966435),
    ('pump_age', 0.021740302),
    ('region_code', 0.019587832),
    ('basin', 0.016780742),
    ('management', 0.013430909),
    ('district_code', 0.010639493),
    ('population', 0.0104600135),
    ('latitude', 0.01043017),
    ('permit', 0.0077403514),
    ('water_quality', 0.0075842673),
    ('scheme_management', 0.0069437725),
    ('public_meeting', 0.006027292),
    ('gps_height', 0.004386266)]

Grid Search (previously) found the following optimal parameters: 
{   'gamma': 5,
    'learning_rate': 0.1,
    'max_depth': 3,
    'min_child_weight': 1,
    'n_estimators': 100,
    'n_jobs': -1,
    'random_state': 42,
    'subsample': 1.0,
    'verbosity': 1}

Fitting classifier...
	ALL DONE!

Predicting labels on training data...
	ALL DONE!

Training Accuracy: 82.2297

                         precision    recall  f1-score   support

             functional       0.78      0.95      0.86     28991
functional needs repair       0.92      0.29      0.44      3885
         non functional       0.89      0.74      0.81     20584

               accuracy                           0.82     53460
              macro avg       0.86      0.66      0.70     53460
           weighted avg       0.84      0.82      0.81     53460


Predicting labels on testing data...
	ALL DONE!

Testing Accuracy: 82.9293

                         precision    recall  f1-score   support

             functional       0.80      0.95      0.87      3268
functional needs repair       0.95      0.28      0.44       432
         non functional       0.89      0.76      0.82      2240

               accuracy                           0.83      5940
              macro avg       0.88      0.66      0.71      5940
           weighted avg       0.84      0.83      0.82      5940


Feature Importances:
[   ('quantity', 0.20258383),
    ('waterpoint_type', 0.20075141),
    ('scheme_name', 0.124105364),
    ('funder', 0.08868023),
    ('extraction_type', 0.07048088),
    ('payment_type', 0.04651533),
    ('installer', 0.045880813),
    ('longitude', 0.031007323),
    ('source', 0.030276958),
    ('amount_tsh', 0.023966435),
    ('pump_age', 0.021740302),
    ('region_code', 0.019587832),
    ('basin', 0.016780742),
    ('management', 0.013430909),
    ('district_code', 0.010639493),
    ('population', 0.0104600135),
    ('latitude', 0.01043017),
    ('permit', 0.0077403514),
    ('water_quality', 0.0075842673),
    ('scheme_management', 0.0069437725),
    ('public_meeting', 0.006027292),
    ('gps_height', 0.004386266)]
param_grid for XGBClassifier GridSearch:{'n_estimators': [100, 500, 750, 1000], 'n_jobs': [-1]}

Grid Search found the following optimal parameters: 
{'n_estimators': 1000, 'n_jobs': -1}

Fitting classifier...
	ALL DONE!

Predicting labels on training data...
	ALL DONE!

Training Accuracy: 95.6884

                         precision    recall  f1-score   support

             functional       0.94      0.99      0.96     28991
functional needs repair       0.98      0.79      0.87      3885
         non functional       0.98      0.95      0.96     20584

               accuracy                           0.96     53460
              macro avg       0.97      0.91      0.93     53460
           weighted avg       0.96      0.96      0.96     53460


Predicting labels on testing data...
	ALL DONE!

Testing Accuracy: 94.7643

                         precision    recall  f1-score   support

             functional       0.94      0.98      0.96      3268
functional needs repair       0.99      0.76      0.86       432
         non functional       0.96      0.94      0.95      2240

               accuracy                           0.95      5940
              macro avg       0.96      0.89      0.92      5940
           weighted avg       0.95      0.95      0.95      5940


Feature Importances:
[   ('quantity', 0.32386532),
    ('waterpoint_type', 0.1512152),
    ('scheme_name', 0.073495984),
    ('funder', 0.0687266),
    ('extraction_type', 0.06781703),
    ('source', 0.040350854),
    ('payment_type', 0.03956658),
    ('installer', 0.03253351),
    ('region_code', 0.02498975),
    ('longitude', 0.022537787),
    ('amount_tsh', 0.019278314),
    ('pump_age', 0.018746719),
    ('basin', 0.018426565),
    ('public_meeting', 0.014328463),
    ('permit', 0.013977598),
    ('latitude', 0.013712486),
    ('scheme_management', 0.011502477),
    ('population', 0.010887528),
    ('district_code', 0.010249805),
    ('management', 0.009410875),
    ('gps_height', 0.008149564),
    ('water_quality', 0.006230921)]
param_grid for XGBClassifier GridSearch:{'max_depth': [3, 5, 10, 22, 50], 'n_jobs': [-1], 'n_estimators': [1000]}

Grid Search found the following optimal parameters: 
{'max_depth': 10, 'n_estimators': 1000, 'n_jobs': -1}

Fitting classifier...
	ALL DONE!

Predicting labels on training data...
	ALL DONE!

Training Accuracy: 100.0

                         precision    recall  f1-score   support

             functional       1.00      1.00      1.00     28991
functional needs repair       1.00      1.00      1.00      3885
         non functional       1.00      1.00      1.00     20584

               accuracy                           1.00     53460
              macro avg       1.00      1.00      1.00     53460
           weighted avg       1.00      1.00      1.00     53460


Predicting labels on testing data...
	ALL DONE!

Testing Accuracy: 96.936

                         precision    recall  f1-score   support

             functional       0.97      0.98      0.98      3268
functional needs repair       0.97      0.85      0.91       432
         non functional       0.97      0.97      0.97      2240

               accuracy                           0.97      5940
              macro avg       0.97      0.94      0.95      5940
           weighted avg       0.97      0.97      0.97      5940


Feature Importances:
[   ('quantity', 0.25796747),
    ('waterpoint_type', 0.13392983),
    ('scheme_name', 0.10337945),
    ('funder', 0.0950277),
    ('installer', 0.047091503),
    ('extraction_type', 0.037050005),
    ('region_code', 0.03093112),
    ('payment_type', 0.028307157),
    ('amount_tsh', 0.02729481),
    ('source', 0.027091356),
    ('pump_age', 0.026038716),
    ('longitude', 0.023390654),
    ('district_code', 0.020146923),
    ('basin', 0.019814754),
    ('latitude', 0.019353732),
    ('public_meeting', 0.01704544),
    ('gps_height', 0.016919795),
    ('scheme_management', 0.016001739),
    ('permit', 0.015013997),
    ('population', 0.014995132),
    ('management', 0.013562274),
    ('water_quality', 0.009646492)]
param_grid for XGBClassifier GridSearch:{'learning_rate': [0.1, 0.3, 0.6, 1.0], 'n_jobs': [-1], 'n_estimators': [1000], 'max_depth': [10]}

Grid Search found the following optimal parameters: 
{'learning_rate': 0.3, 'max_depth': 10, 'n_estimators': 1000, 'n_jobs': -1}

Fitting classifier...
	ALL DONE!

Predicting labels on training data...
	ALL DONE!

Training Accuracy: 100.0

                         precision    recall  f1-score   support

             functional       1.00      1.00      1.00     28991
functional needs repair       1.00      1.00      1.00      3885
         non functional       1.00      1.00      1.00     20584

               accuracy                           1.00     53460
              macro avg       1.00      1.00      1.00     53460
           weighted avg       1.00      1.00      1.00     53460


Predicting labels on testing data...
	ALL DONE!

Testing Accuracy: 96.9529

                         precision    recall  f1-score   support

             functional       0.97      0.98      0.98      3268
functional needs repair       0.95      0.85      0.90       432
         non functional       0.97      0.97      0.97      2240

               accuracy                           0.97      5940
              macro avg       0.96      0.94      0.95      5940
           weighted avg       0.97      0.97      0.97      5940


Feature Importances:
[   ('quantity', 0.24877883),
    ('waterpoint_type', 0.15510912),
    ('scheme_name', 0.10097765),
    ('funder', 0.08329094),
    ('installer', 0.043627173),
    ('extraction_type', 0.039869927),
    ('amount_tsh', 0.031698585),
    ('region_code', 0.0302173),
    ('payment_type', 0.028295545),
    ('source', 0.026408885),
    ('pump_age', 0.025933718),
    ('longitude', 0.021508215),
    ('basin', 0.021200772),
    ('district_code', 0.02031674),
    ('latitude', 0.018267099),
    ('public_meeting', 0.017914211),
    ('gps_height', 0.016972652),
    ('permit', 0.016208358),
    ('scheme_management', 0.016150203),
    ('population', 0.01583859),
    ('management', 0.011399046),
    ('water_quality', 0.010016482)]
param_grid for XGBClassifier GridSearch:{'min_child_weight': [1, 3, 5], 'n_jobs': [-1], 'n_estimators': [1000], 'max_depth': [10], 'learning_rate': [0.3]}

Grid Search found the following optimal parameters: 
{   'learning_rate': 0.3,
    'max_depth': 10,
    'min_child_weight': 1,
    'n_estimators': 1000,
    'n_jobs': -1}

Fitting classifier...
	ALL DONE!

Predicting labels on training data...
	ALL DONE!

Training Accuracy: 100.0

                         precision    recall  f1-score   support

             functional       1.00      1.00      1.00     28991
functional needs repair       1.00      1.00      1.00      3885
         non functional       1.00      1.00      1.00     20584

               accuracy                           1.00     53460
              macro avg       1.00      1.00      1.00     53460
           weighted avg       1.00      1.00      1.00     53460


Predicting labels on testing data...
	ALL DONE!

Testing Accuracy: 96.9529

                         precision    recall  f1-score   support

             functional       0.97      0.98      0.98      3268
functional needs repair       0.95      0.85      0.90       432
         non functional       0.97      0.97      0.97      2240

               accuracy                           0.97      5940
              macro avg       0.96      0.94      0.95      5940
           weighted avg       0.97      0.97      0.97      5940


Feature Importances:
[   ('quantity', 0.24877883),
    ('waterpoint_type', 0.15510912),
    ('scheme_name', 0.10097765),
    ('funder', 0.08329094),
    ('installer', 0.043627173),
    ('extraction_type', 0.039869927),
    ('amount_tsh', 0.031698585),
    ('region_code', 0.0302173),
    ('payment_type', 0.028295545),
    ('source', 0.026408885),
    ('pump_age', 0.025933718),
    ('longitude', 0.021508215),
    ('basin', 0.021200772),
    ('district_code', 0.02031674),
    ('latitude', 0.018267099),
    ('public_meeting', 0.017914211),
    ('gps_height', 0.016972652),
    ('permit', 0.016208358),
    ('scheme_management', 0.016150203),
    ('population', 0.01583859),
    ('management', 0.011399046),
    ('water_quality', 0.010016482)]
param_grid for XGBClassifier GridSearch:{'subsample': [0.1, 0.25, 0.5, 1.0], 'n_jobs': [-1], 'n_estimators': [1000], 'max_depth': [10], 'learning_rate': [0.3], 'min_child_weight': [1]}

Grid Search found the following optimal parameters: 
{   'learning_rate': 0.3,
    'max_depth': 10,
    'min_child_weight': 1,
    'n_estimators': 1000,
    'n_jobs': -1,
    'subsample': 1.0}

Fitting classifier...
	ALL DONE!

Predicting labels on training data...
	ALL DONE!

Training Accuracy: 100.0

                         precision    recall  f1-score   support

             functional       1.00      1.00      1.00     28991
functional needs repair       1.00      1.00      1.00      3885
         non functional       1.00      1.00      1.00     20584

               accuracy                           1.00     53460
              macro avg       1.00      1.00      1.00     53460
           weighted avg       1.00      1.00      1.00     53460


Predicting labels on testing data...
	ALL DONE!

Testing Accuracy: 96.9529

                         precision    recall  f1-score   support

             functional       0.97      0.98      0.98      3268
functional needs repair       0.95      0.85      0.90       432
         non functional       0.97      0.97      0.97      2240

               accuracy                           0.97      5940
              macro avg       0.96      0.94      0.95      5940
           weighted avg       0.97      0.97      0.97      5940


Feature Importances:
[   ('quantity', 0.24877883),
    ('waterpoint_type', 0.15510912),
    ('scheme_name', 0.10097765),
    ('funder', 0.08329094),
    ('installer', 0.043627173),
    ('extraction_type', 0.039869927),
    ('amount_tsh', 0.031698585),
    ('region_code', 0.0302173),
    ('payment_type', 0.028295545),
    ('source', 0.026408885),
    ('pump_age', 0.025933718),
    ('longitude', 0.021508215),
    ('basin', 0.021200772),
    ('district_code', 0.02031674),
    ('latitude', 0.018267099),
    ('public_meeting', 0.017914211),
    ('gps_height', 0.016972652),
    ('permit', 0.016208358),
    ('scheme_management', 0.016150203),
    ('population', 0.01583859),
    ('management', 0.011399046),
    ('water_quality', 0.010016482)]
param_grid for XGBClassifier GridSearch:{'gamma': [0, 1, 2, 5, 10], 'n_jobs': [-1], 'n_estimators': [1000], 'max_depth': [10], 'learning_rate': [0.3], 'min_child_weight': [1], 'subsample': [1.0]}

Grid Search found the following optimal parameters: 
{   'gamma': 0,
    'learning_rate': 0.3,
    'max_depth': 10,
    'min_child_weight': 1,
    'n_estimators': 1000,
    'n_jobs': -1,
    'subsample': 1.0}

Fitting classifier...
	ALL DONE!

Predicting labels on training data...
	ALL DONE!

Training Accuracy: 100.0

                         precision    recall  f1-score   support

             functional       1.00      1.00      1.00     28991
functional needs repair       1.00      1.00      1.00      3885
         non functional       1.00      1.00      1.00     20584

               accuracy                           1.00     53460
              macro avg       1.00      1.00      1.00     53460
           weighted avg       1.00      1.00      1.00     53460


Predicting labels on testing data...
	ALL DONE!

Testing Accuracy: 96.9529

                         precision    recall  f1-score   support

             functional       0.97      0.98      0.98      3268
functional needs repair       0.95      0.85      0.90       432
         non functional       0.97      0.97      0.97      2240

               accuracy                           0.97      5940
              macro avg       0.96      0.94      0.95      5940
           weighted avg       0.97      0.97      0.97      5940


Feature Importances:
[   ('quantity', 0.24877883),
    ('waterpoint_type', 0.15510912),
    ('scheme_name', 0.10097765),
    ('funder', 0.08329094),
    ('installer', 0.043627173),
    ('extraction_type', 0.039869927),
    ('amount_tsh', 0.031698585),
    ('region_code', 0.0302173),
    ('payment_type', 0.028295545),
    ('source', 0.026408885),
    ('pump_age', 0.025933718),
    ('longitude', 0.021508215),
    ('basin', 0.021200772),
    ('district_code', 0.02031674),
    ('latitude', 0.018267099),
    ('public_meeting', 0.017914211),
    ('gps_height', 0.016972652),
    ('permit', 0.016208358),
    ('scheme_management', 0.016150203),
    ('population', 0.01583859),
    ('management', 0.011399046),
    ('water_quality', 0.010016482)]

Grid Search (previously) found the following optimal parameters: 
{   'gamma': 0,
    'learning_rate': 0.3,
    'max_depth': 10,
    'min_child_weight': 1,
    'n_estimators': 1000,
    'n_jobs': -1,
    'random_state': 42,
    'subsample': 1.0,
    'verbosity': 1}

Fitting classifier...
	ALL DONE!

Predicting labels on training data...
	ALL DONE!

Training Accuracy: 100.0

                         precision    recall  f1-score   support

             functional       1.00      1.00      1.00     28991
functional needs repair       1.00      1.00      1.00      3885
         non functional       1.00      1.00      1.00     20584

               accuracy                           1.00     53460
              macro avg       1.00      1.00      1.00     53460
           weighted avg       1.00      1.00      1.00     53460


Predicting labels on testing data...
	ALL DONE!

Testing Accuracy: 96.9529

                         precision    recall  f1-score   support

             functional       0.97      0.98      0.98      3268
functional needs repair       0.95      0.85      0.90       432
         non functional       0.97      0.97      0.97      2240

               accuracy                           0.97      5940
              macro avg       0.96      0.94      0.95      5940
           weighted avg       0.97      0.97      0.97      5940


Feature Importances:
[   ('quantity', 0.24877883),
    ('waterpoint_type', 0.15510912),
    ('scheme_name', 0.10097765),
    ('funder', 0.08329094),
    ('installer', 0.043627173),
    ('extraction_type', 0.039869927),
    ('amount_tsh', 0.031698585),
    ('region_code', 0.0302173),
    ('payment_type', 0.028295545),
    ('source', 0.026408885),
    ('pump_age', 0.025933718),
    ('longitude', 0.021508215),
    ('basin', 0.021200772),
    ('district_code', 0.02031674),
    ('latitude', 0.018267099),
    ('public_meeting', 0.017914211),
    ('gps_height', 0.016972652),
    ('permit', 0.016208358),
    ('scheme_management', 0.016150203),
    ('population', 0.01583859),
    ('management', 0.011399046),
    ('water_quality', 0.010016482)]

Grid Search (previously) found the following optimal parameters: 
{   'gamma': 0,
    'learning_rate': 0.3,
    'max_depth': 10,
    'min_child_weight': 1,
    'n_estimators': 1000,
    'n_jobs': -1,
    'random_state': 42,
    'subsample': 1.0,
    'verbosity': 1}

Fitting classifier...
	ALL DONE!

Predicting labels on training data...
	ALL DONE!

Training Accuracy: 100.0

                         precision    recall  f1-score   support

             functional       1.00      1.00      1.00     28991
functional needs repair       1.00      1.00      1.00      3885
         non functional       1.00      1.00      1.00     20584

               accuracy                           1.00     53460
              macro avg       1.00      1.00      1.00     53460
           weighted avg       1.00      1.00      1.00     53460


Predicting labels on testing data...
	ALL DONE!

Testing Accuracy: 96.9529

                         precision    recall  f1-score   support

             functional       0.97      0.98      0.98      3268
functional needs repair       0.95      0.85      0.90       432
         non functional       0.97      0.97      0.97      2240

               accuracy                           0.97      5940
              macro avg       0.96      0.94      0.95      5940
           weighted avg       0.97      0.97      0.97      5940


Feature Importances:
[   ('quantity', 0.24877883),
    ('waterpoint_type', 0.15510912),
    ('scheme_name', 0.10097765),
    ('funder', 0.08329094),
    ('installer', 0.043627173),
    ('extraction_type', 0.039869927),
    ('amount_tsh', 0.031698585),
    ('region_code', 0.0302173),
    ('payment_type', 0.028295545),
    ('source', 0.026408885),
    ('pump_age', 0.025933718),
    ('longitude', 0.021508215),
    ('basin', 0.021200772),
    ('district_code', 0.02031674),
    ('latitude', 0.018267099),
    ('public_meeting', 0.017914211),
    ('gps_height', 0.016972652),
    ('permit', 0.016208358),
    ('scheme_management', 0.016150203),
    ('population', 0.01583859),
    ('management', 0.011399046),
    ('water_quality', 0.010016482)]
